[0.027s] Invoking command in '/home/olia/CLionProjects/ldrobot-lidar-ros2/build/ldlidar_component': CMAKE_PREFIX_PATH=${CMAKE_PREFIX_PATH}:/opt/ros/jazzy DEBUGINFOD_URLS=https://debuginfod.ubuntu.com /usr/bin/cmake /home/olia/CLionProjects/ldrobot-lidar-ros2/ldlidar_component -DCMAKE_INSTALL_PREFIX=/home/olia/CLionProjects/ldrobot-lidar-ros2/install/ldlidar_component
[0.286s] -- The C compiler identification is GNU 13.2.0
[0.529s] -- The CXX compiler identification is GNU 13.2.0
[0.580s] -- Detecting C compiler ABI info
[0.825s] -- Detecting C compiler ABI info - done
[0.848s] -- Check for working C compiler: /usr/bin/cc - skipped
[0.849s] -- Detecting C compile features
[0.851s] -- Detecting C compile features - done
[0.873s] -- Detecting CXX compiler ABI info
[1.110s] -- Detecting CXX compiler ABI info - done
[1.133s] -- Check for working CXX compiler: /usr/bin/c++ - skipped
[1.133s] -- Detecting CXX compile features
[1.134s] -- Detecting CXX compile features - done
[1.136s] --  * Release Mode
[1.136s] -- * Found ROS2 jazzy
[1.136s] [31mCMake Error at CMakeLists.txt:72 (message):
[1.136s]   ROS2 jazzy is not officially supported by this package.  Correct working is
[1.137s]   not guarantee.
[1.137s] 
[1.137s] [0m
[1.137s] -- Configuring incomplete, errors occurred!
[1.144s] Invoked command in '/home/olia/CLionProjects/ldrobot-lidar-ros2/build/ldlidar_component' returned '1': CMAKE_PREFIX_PATH=${CMAKE_PREFIX_PATH}:/opt/ros/jazzy DEBUGINFOD_URLS=https://debuginfod.ubuntu.com /usr/bin/cmake /home/olia/CLionProjects/ldrobot-lidar-ros2/ldlidar_component -DCMAKE_INSTALL_PREFIX=/home/olia/CLionProjects/ldrobot-lidar-ros2/install/ldlidar_component
