[0.019s] Invoking command in '/home/olia/CLionProjects/ldrobot-lidar-ros2/build/ldlidar_component': CMAKE_PREFIX_PATH=${CMAKE_PREFIX_PATH}:/opt/ros/jazzy DEBUGINFOD_URLS=https://debuginfod.ubuntu.com /usr/bin/cmake --build /home/olia/CLionProjects/ldrobot-lidar-ros2/build/ldlidar_component -- -j20 -l20
[0.159s] [ 70%] Built target ldlidar
[0.240s] [100%] Built target ldlidar_component
[0.272s] Invoked command in '/home/olia/CLionProjects/ldrobot-lidar-ros2/build/ldlidar_component' returned '0': CMAKE_PREFIX_PATH=${CMAKE_PREFIX_PATH}:/opt/ros/jazzy DEBUGINFOD_URLS=https://debuginfod.ubuntu.com /usr/bin/cmake --build /home/olia/CLionProjects/ldrobot-lidar-ros2/build/ldlidar_component -- -j20 -l20
[0.389s] Invoking command in '/home/olia/CLionProjects/ldrobot-lidar-ros2/build/ldlidar_component': CMAKE_PREFIX_PATH=${CMAKE_PREFIX_PATH}:/opt/ros/jazzy DEBUGINFOD_URLS=https://debuginfod.ubuntu.com /usr/bin/cmake --install /home/olia/CLionProjects/ldrobot-lidar-ros2/build/ldlidar_component
[0.416s] -- Install configuration: "Release"
[0.416s] -- Up-to-date: /home/olia/CLionProjects/ldrobot-lidar-ros2/install/ldlidar_component/lib/libldlidar_component.so
[0.417s] -- Up-to-date: /home/olia/CLionProjects/ldrobot-lidar-ros2/install/ldlidar_component/include/ldlidar_component/
[0.417s] -- Up-to-date: /home/olia/CLionProjects/ldrobot-lidar-ros2/install/ldlidar_component/include/ldlidar_component//ldlidar_component.hpp
[0.418s] -- Up-to-date: /home/olia/CLionProjects/ldrobot-lidar-ros2/install/ldlidar_component/include/ldlidar_component//defines.hpp
[0.418s] -- Up-to-date: /home/olia/CLionProjects/ldrobot-lidar-ros2/install/ldlidar_component/include/ldlidar_component/
[0.419s] -- Up-to-date: /home/olia/CLionProjects/ldrobot-lidar-ros2/install/ldlidar_component/include/ldlidar_component//ldlidar_tools.hpp
[0.419s] -- Up-to-date: /home/olia/CLionProjects/ldrobot-lidar-ros2/install/ldlidar_component/include/ldlidar_component/
[0.419s] -- Up-to-date: /home/olia/CLionProjects/ldrobot-lidar-ros2/install/ldlidar_component/include/ldlidar_component//visibility_control.hpp
[0.420s] -- Up-to-date: /home/olia/CLionProjects/ldrobot-lidar-ros2/install/ldlidar_component/include/ldlidar_component/
[0.420s] -- Up-to-date: /home/olia/CLionProjects/ldrobot-lidar-ros2/install/ldlidar_component/include/ldlidar_component//ldlidar_driver.h
[0.420s] -- Up-to-date: /home/olia/CLionProjects/ldrobot-lidar-ros2/install/ldlidar_component/include/ldlidar_component//ldlidar_datatype.h
[0.421s] -- Up-to-date: /home/olia/CLionProjects/ldrobot-lidar-ros2/install/ldlidar_component/include/ldlidar_component/
[0.422s] -- Up-to-date: /home/olia/CLionProjects/ldrobot-lidar-ros2/install/ldlidar_component/include/ldlidar_component//lipkg.h
[0.423s] -- Up-to-date: /home/olia/CLionProjects/ldrobot-lidar-ros2/install/ldlidar_component/include/ldlidar_component/
[0.424s] -- Up-to-date: /home/olia/CLionProjects/ldrobot-lidar-ros2/install/ldlidar_component/include/ldlidar_component//tofbf.h
[0.424s] -- Up-to-date: /home/olia/CLionProjects/ldrobot-lidar-ros2/install/ldlidar_component/include/ldlidar_component/
[0.425s] -- Up-to-date: /home/olia/CLionProjects/ldrobot-lidar-ros2/install/ldlidar_component/include/ldlidar_component//log_module.h
[0.426s] -- Up-to-date: /home/olia/CLionProjects/ldrobot-lidar-ros2/install/ldlidar_component/include/ldlidar_component/
[0.426s] -- Up-to-date: /home/olia/CLionProjects/ldrobot-lidar-ros2/install/ldlidar_component/include/ldlidar_component//network_socket_interface_linux.h
[0.427s] -- Up-to-date: /home/olia/CLionProjects/ldrobot-lidar-ros2/install/ldlidar_component/include/ldlidar_component/
[0.428s] -- Up-to-date: /home/olia/CLionProjects/ldrobot-lidar-ros2/install/ldlidar_component/include/ldlidar_component//serial_interface_linux.h
[0.428s] -- Up-to-date: /home/olia/CLionProjects/ldrobot-lidar-ros2/install/ldlidar_component/share/ldlidar_component/environment/library_path.sh
[0.429s] -- Up-to-date: /home/olia/CLionProjects/ldrobot-lidar-ros2/install/ldlidar_component/share/ldlidar_component/environment/library_path.dsv
[0.429s] -- Up-to-date: /home/olia/CLionProjects/ldrobot-lidar-ros2/install/ldlidar_component/share/ament_index/resource_index/package_run_dependencies/ldlidar_component
[0.430s] -- Up-to-date: /home/olia/CLionProjects/ldrobot-lidar-ros2/install/ldlidar_component/share/ament_index/resource_index/parent_prefix_path/ldlidar_component
[0.430s] -- Up-to-date: /home/olia/CLionProjects/ldrobot-lidar-ros2/install/ldlidar_component/share/ldlidar_component/environment/ament_prefix_path.sh
[0.430s] -- Up-to-date: /home/olia/CLionProjects/ldrobot-lidar-ros2/install/ldlidar_component/share/ldlidar_component/environment/ament_prefix_path.dsv
[0.431s] -- Up-to-date: /home/olia/CLionProjects/ldrobot-lidar-ros2/install/ldlidar_component/share/ldlidar_component/environment/path.sh
[0.432s] -- Up-to-date: /home/olia/CLionProjects/ldrobot-lidar-ros2/install/ldlidar_component/share/ldlidar_component/environment/path.dsv
[0.432s] -- Up-to-date: /home/olia/CLionProjects/ldrobot-lidar-ros2/install/ldlidar_component/share/ldlidar_component/local_setup.bash
[0.434s] -- Up-to-date: /home/olia/CLionProjects/ldrobot-lidar-ros2/install/ldlidar_component/share/ldlidar_component/local_setup.sh
[0.434s] -- Up-to-date: /home/olia/CLionProjects/ldrobot-lidar-ros2/install/ldlidar_component/share/ldlidar_component/local_setup.zsh
[0.435s] -- Up-to-date: /home/olia/CLionProjects/ldrobot-lidar-ros2/install/ldlidar_component/share/ldlidar_component/local_setup.dsv
[0.435s] -- Installing: /home/olia/CLionProjects/ldrobot-lidar-ros2/install/ldlidar_component/share/ldlidar_component/package.dsv
[0.435s] -- Up-to-date: /home/olia/CLionProjects/ldrobot-lidar-ros2/install/ldlidar_component/share/ament_index/resource_index/packages/ldlidar_component
[0.435s] -- Up-to-date: /home/olia/CLionProjects/ldrobot-lidar-ros2/install/ldlidar_component/share/ament_index/resource_index/rclcpp_components/ldlidar_component
[0.436s] -- Up-to-date: /home/olia/CLionProjects/ldrobot-lidar-ros2/install/ldlidar_component/share/ldlidar_component/cmake/ament_cmake_export_include_directories-extras.cmake
[0.437s] -- Up-to-date: /home/olia/CLionProjects/ldrobot-lidar-ros2/install/ldlidar_component/share/ldlidar_component/cmake/ament_cmake_export_libraries-extras.cmake
[0.438s] -- Up-to-date: /home/olia/CLionProjects/ldrobot-lidar-ros2/install/ldlidar_component/share/ldlidar_component/cmake/ament_cmake_export_dependencies-extras.cmake
[0.439s] -- Up-to-date: /home/olia/CLionProjects/ldrobot-lidar-ros2/install/ldlidar_component/share/ldlidar_component/cmake/ldlidar_componentConfig.cmake
[0.439s] -- Up-to-date: /home/olia/CLionProjects/ldrobot-lidar-ros2/install/ldlidar_component/share/ldlidar_component/cmake/ldlidar_componentConfig-version.cmake
[0.440s] -- Up-to-date: /home/olia/CLionProjects/ldrobot-lidar-ros2/install/ldlidar_component/share/ldlidar_component/package.xml
[0.441s] Invoked command in '/home/olia/CLionProjects/ldrobot-lidar-ros2/build/ldlidar_component' returned '0': CMAKE_PREFIX_PATH=${CMAKE_PREFIX_PATH}:/opt/ros/jazzy DEBUGINFOD_URLS=https://debuginfod.ubuntu.com /usr/bin/cmake --install /home/olia/CLionProjects/ldrobot-lidar-ros2/build/ldlidar_component
