[0.017s] Invoking command in '/home/olia/CLionProjects/ldrobot-lidar-ros2/build/ldlidar_component': CMAKE_PREFIX_PATH=${CMAKE_PREFIX_PATH}:/opt/ros/jazzy DEBUGINFOD_URLS=https://debuginfod.ubuntu.com /usr/bin/cmake /home/olia/CLionProjects/ldrobot-lidar-ros2/ldlidar_component -DCMAKE_INSTALL_PREFIX=/home/olia/CLionProjects/ldrobot-lidar-ros2/install/ldlidar_component
[0.042s] --  * Release Mode
[0.042s] -- * Found ROS2 jazzy
[0.042s] -- * ROS2 jazzy is officially supported by this package.
[0.048s] -- Found ament_cmake: 2.5.2 (/opt/ros/jazzy/share/ament_cmake/cmake)
[0.321s] -- Found Python3: /usr/bin/python3 (found version "3.12.3") found components: Interpreter 
[0.528s] -- Found rclcpp_lifecycle: 28.1.5 (/opt/ros/jazzy/share/rclcpp_lifecycle/cmake)
[0.638s] -- Found rosidl_generator_c: 4.6.4 (/opt/ros/jazzy/share/rosidl_generator_c/cmake)
[0.667s] -- Found rosidl_generator_cpp: 4.6.4 (/opt/ros/jazzy/share/rosidl_generator_cpp/cmake)
[0.698s] -- Using all available rosidl_typesupport_c: rosidl_typesupport_fastrtps_c;rosidl_typesupport_introspection_c
[0.740s] -- Using all available rosidl_typesupport_cpp: rosidl_typesupport_fastrtps_cpp;rosidl_typesupport_introspection_cpp
[0.979s] -- Found rmw_implementation_cmake: 7.3.1 (/opt/ros/jazzy/share/rmw_implementation_cmake/cmake)
[0.987s] -- Found rmw_fastrtps_cpp: 8.4.1 (/opt/ros/jazzy/share/rmw_fastrtps_cpp/cmake)
[1.140s] -- Found OpenSSL: /usr/lib/x86_64-linux-gnu/libcrypto.so (found version "3.0.13")  
[1.192s] -- Found FastRTPS: /opt/ros/jazzy/include (Required is at least version "2.13") 
[1.242s] -- Using RMW implementation 'rmw_fastrtps_cpp' as default
[1.428s] -- Found rclcpp_components: 28.1.5 (/opt/ros/jazzy/share/rclcpp_components/cmake)
[1.501s] -- Found nav2_util: 1.3.2 (/opt/ros/jazzy/share/nav2_util/cmake)
[2.038s] -- Found eigen3_cmake_module: 0.3.0 (/opt/ros/jazzy/share/eigen3_cmake_module/cmake)
[2.040s] -- Found Eigen3: TRUE (found version "3.4.0") 
[2.040s] -- Ensuring Eigen3 include directory is part of orocos-kdl CMake target
[2.132s] -- Found sensor_msgs: 5.3.5 (/opt/ros/jazzy/share/sensor_msgs/cmake)
[2.175s] -- Found diagnostic_msgs: 5.3.5 (/opt/ros/jazzy/share/diagnostic_msgs/cmake)
[2.209s] -- Found diagnostic_updater: 4.2.1 (/opt/ros/jazzy/share/diagnostic_updater/cmake)
[2.241s] -- Found ament_lint_auto: 0.17.1 (/opt/ros/jazzy/share/ament_lint_auto/cmake)
[2.452s] -- Added test 'copyright' to check source files copyright and LICENSE
[2.457s] -- Added test 'cppcheck' to perform static code analysis on C / C++ code
[2.459s] -- Configured cppcheck include dirs: /home/olia/CLionProjects/ldrobot-lidar-ros2/ldlidar_component/include;/home/olia/CLionProjects/ldrobot-lidar-ros2/ldlidar_component/tools/include;/home/olia/CLionProjects/ldrobot-lidar-ros2/ldlidar_component/component/include;/home/olia/CLionProjects/ldrobot-lidar-ros2/ldlidar_component/ldlidar_driver/include/core;/home/olia/CLionProjects/ldrobot-lidar-ros2/ldlidar_component/ldlidar_driver/include/dataprocess;/home/olia/CLionProjects/ldrobot-lidar-ros2/ldlidar_component/ldlidar_driver/include/filter;/home/olia/CLionProjects/ldrobot-lidar-ros2/ldlidar_component/ldlidar_driver/include/logger;/home/olia/CLionProjects/ldrobot-lidar-ros2/ldlidar_component/ldlidar_driver/include/networkcom;/home/olia/CLionProjects/ldrobot-lidar-ros2/ldlidar_component/ldlidar_driver/include/serialcom
[2.460s] -- Configured cppcheck exclude dirs and/or files: 
[2.464s] -- Added test 'cpplint' to check C / C++ code against the Google style
[2.464s] -- Configured cpplint exclude dirs and/or files: 
[2.467s] -- Added test 'lint_cmake' to check CMake code style
[2.473s] -- Added test 'uncrustify' to check C / C++ code style
[2.473s] -- Configured uncrustify additional arguments: 
[2.475s] -- Added test 'xmllint' to check XML markup files
[2.480s] -- Added test 'clang_format' to check C / C++ code style
[2.485s] -- Configuring done (2.5s)
[2.529s] -- Generating done (0.0s)
[2.533s] -- Build files have been written to: /home/olia/CLionProjects/ldrobot-lidar-ros2/build/ldlidar_component
[2.552s] Invoked command in '/home/olia/CLionProjects/ldrobot-lidar-ros2/build/ldlidar_component' returned '0': CMAKE_PREFIX_PATH=${CMAKE_PREFIX_PATH}:/opt/ros/jazzy DEBUGINFOD_URLS=https://debuginfod.ubuntu.com /usr/bin/cmake /home/olia/CLionProjects/ldrobot-lidar-ros2/ldlidar_component -DCMAKE_INSTALL_PREFIX=/home/olia/CLionProjects/ldrobot-lidar-ros2/install/ldlidar_component
[2.555s] Invoking command in '/home/olia/CLionProjects/ldrobot-lidar-ros2/build/ldlidar_component': CMAKE_PREFIX_PATH=${CMAKE_PREFIX_PATH}:/opt/ros/jazzy DEBUGINFOD_URLS=https://debuginfod.ubuntu.com /usr/bin/cmake --build /home/olia/CLionProjects/ldrobot-lidar-ros2/build/ldlidar_component -- -j20 -l20
[2.682s] [ 30%] [32mBuilding CXX object ldlidar_driver/CMakeFiles/ldlidar.dir/src/networkcom/network_socket_interface_linux.cpp.o[0m
[2.682s] [ 30%] [32mBuilding CXX object ldlidar_driver/CMakeFiles/ldlidar.dir/src/dataprocess/lipkg.cpp.o[0m
[2.683s] [ 30%] [32mBuilding CXX object ldlidar_driver/CMakeFiles/ldlidar.dir/src/logger/log_module.cpp.o[0m
[2.685s] [ 50%] [32mBuilding CXX object ldlidar_driver/CMakeFiles/ldlidar.dir/src/filter/tofbf.cpp.o[0m
[2.685s] [ 50%] [32mBuilding CXX object ldlidar_driver/CMakeFiles/ldlidar.dir/src/serialcom/serial_interface_linux.cpp.o[0m
[2.685s] [ 60%] [32mBuilding CXX object ldlidar_driver/CMakeFiles/ldlidar.dir/src/core/ldlidar_driver.cpp.o[0m
[4.182s] [ 70%] [32m[1mLinking CXX static library libldlidar.a[0m
[4.272s] [ 70%] Built target ldlidar
[4.324s] [ 80%] [32mBuilding CXX object CMakeFiles/ldlidar_component.dir/tools/src/ldlidar_tools.cpp.o[0m
[4.325s] [ 90%] [32mBuilding CXX object CMakeFiles/ldlidar_component.dir/component/src/ldlidar_component.cpp.o[0m
[19.126s] [100%] [32m[1mLinking CXX shared library libldlidar_component.so[0m
[19.428s] [100%] Built target ldlidar_component
[19.446s] Invoked command in '/home/olia/CLionProjects/ldrobot-lidar-ros2/build/ldlidar_component' returned '0': CMAKE_PREFIX_PATH=${CMAKE_PREFIX_PATH}:/opt/ros/jazzy DEBUGINFOD_URLS=https://debuginfod.ubuntu.com /usr/bin/cmake --build /home/olia/CLionProjects/ldrobot-lidar-ros2/build/ldlidar_component -- -j20 -l20
[19.515s] Invoking command in '/home/olia/CLionProjects/ldrobot-lidar-ros2/build/ldlidar_component': CMAKE_PREFIX_PATH=${CMAKE_PREFIX_PATH}:/opt/ros/jazzy DEBUGINFOD_URLS=https://debuginfod.ubuntu.com /usr/bin/cmake --install /home/olia/CLionProjects/ldrobot-lidar-ros2/build/ldlidar_component
[19.527s] -- Install configuration: "Release"
[19.528s] -- Installing: /home/olia/CLionProjects/ldrobot-lidar-ros2/install/ldlidar_component/lib/libldlidar_component.so
[19.529s] -- Set non-toolchain portion of runtime path of "/home/olia/CLionProjects/ldrobot-lidar-ros2/install/ldlidar_component/lib/libldlidar_component.so" to ""
[19.529s] -- Installing: /home/olia/CLionProjects/ldrobot-lidar-ros2/install/ldlidar_component/include/ldlidar_component/
[19.529s] -- Installing: /home/olia/CLionProjects/ldrobot-lidar-ros2/install/ldlidar_component/include/ldlidar_component//ldlidar_component.hpp
[19.529s] -- Installing: /home/olia/CLionProjects/ldrobot-lidar-ros2/install/ldlidar_component/include/ldlidar_component//defines.hpp
[19.530s] -- Up-to-date: /home/olia/CLionProjects/ldrobot-lidar-ros2/install/ldlidar_component/include/ldlidar_component/
[19.530s] -- Installing: /home/olia/CLionProjects/ldrobot-lidar-ros2/install/ldlidar_component/include/ldlidar_component//ldlidar_tools.hpp
[19.530s] -- Up-to-date: /home/olia/CLionProjects/ldrobot-lidar-ros2/install/ldlidar_component/include/ldlidar_component/
[19.530s] -- Installing: /home/olia/CLionProjects/ldrobot-lidar-ros2/install/ldlidar_component/include/ldlidar_component//visibility_control.hpp
[19.530s] -- Up-to-date: /home/olia/CLionProjects/ldrobot-lidar-ros2/install/ldlidar_component/include/ldlidar_component/
[19.530s] -- Installing: /home/olia/CLionProjects/ldrobot-lidar-ros2/install/ldlidar_component/include/ldlidar_component//ldlidar_driver.h
[19.530s] -- Installing: /home/olia/CLionProjects/ldrobot-lidar-ros2/install/ldlidar_component/include/ldlidar_component//ldlidar_datatype.h
[19.530s] -- Up-to-date: /home/olia/CLionProjects/ldrobot-lidar-ros2/install/ldlidar_component/include/ldlidar_component/
[19.531s] -- Installing: /home/olia/CLionProjects/ldrobot-lidar-ros2/install/ldlidar_component/include/ldlidar_component//lipkg.h
[19.531s] -- Up-to-date: /home/olia/CLionProjects/ldrobot-lidar-ros2/install/ldlidar_component/include/ldlidar_component/
[19.531s] -- Installing: /home/olia/CLionProjects/ldrobot-lidar-ros2/install/ldlidar_component/include/ldlidar_component//tofbf.h
[19.531s] -- Up-to-date: /home/olia/CLionProjects/ldrobot-lidar-ros2/install/ldlidar_component/include/ldlidar_component/
[19.531s] -- Installing: /home/olia/CLionProjects/ldrobot-lidar-ros2/install/ldlidar_component/include/ldlidar_component//log_module.h
[19.531s] -- Up-to-date: /home/olia/CLionProjects/ldrobot-lidar-ros2/install/ldlidar_component/include/ldlidar_component/
[19.531s] -- Installing: /home/olia/CLionProjects/ldrobot-lidar-ros2/install/ldlidar_component/include/ldlidar_component//network_socket_interface_linux.h
[19.531s] -- Up-to-date: /home/olia/CLionProjects/ldrobot-lidar-ros2/install/ldlidar_component/include/ldlidar_component/
[19.532s] -- Installing: /home/olia/CLionProjects/ldrobot-lidar-ros2/install/ldlidar_component/include/ldlidar_component//serial_interface_linux.h
[19.532s] -- Installing: /home/olia/CLionProjects/ldrobot-lidar-ros2/install/ldlidar_component/share/ldlidar_component/environment/library_path.sh
[19.532s] -- Installing: /home/olia/CLionProjects/ldrobot-lidar-ros2/install/ldlidar_component/share/ldlidar_component/environment/library_path.dsv
[19.532s] -- Installing: /home/olia/CLionProjects/ldrobot-lidar-ros2/install/ldlidar_component/share/ament_index/resource_index/package_run_dependencies/ldlidar_component
[19.532s] -- Installing: /home/olia/CLionProjects/ldrobot-lidar-ros2/install/ldlidar_component/share/ament_index/resource_index/parent_prefix_path/ldlidar_component
[19.532s] -- Installing: /home/olia/CLionProjects/ldrobot-lidar-ros2/install/ldlidar_component/share/ldlidar_component/environment/ament_prefix_path.sh
[19.532s] -- Installing: /home/olia/CLionProjects/ldrobot-lidar-ros2/install/ldlidar_component/share/ldlidar_component/environment/ament_prefix_path.dsv
[19.532s] -- Installing: /home/olia/CLionProjects/ldrobot-lidar-ros2/install/ldlidar_component/share/ldlidar_component/environment/path.sh
[19.532s] -- Installing: /home/olia/CLionProjects/ldrobot-lidar-ros2/install/ldlidar_component/share/ldlidar_component/environment/path.dsv
[19.532s] -- Installing: /home/olia/CLionProjects/ldrobot-lidar-ros2/install/ldlidar_component/share/ldlidar_component/local_setup.bash
[19.533s] -- Installing: /home/olia/CLionProjects/ldrobot-lidar-ros2/install/ldlidar_component/share/ldlidar_component/local_setup.sh
[19.533s] -- Installing: /home/olia/CLionProjects/ldrobot-lidar-ros2/install/ldlidar_component/share/ldlidar_component/local_setup.zsh
[19.533s] -- Installing: /home/olia/CLionProjects/ldrobot-lidar-ros2/install/ldlidar_component/share/ldlidar_component/local_setup.dsv
[19.533s] -- Installing: /home/olia/CLionProjects/ldrobot-lidar-ros2/install/ldlidar_component/share/ldlidar_component/package.dsv
[19.533s] -- Installing: /home/olia/CLionProjects/ldrobot-lidar-ros2/install/ldlidar_component/share/ament_index/resource_index/packages/ldlidar_component
[19.533s] -- Installing: /home/olia/CLionProjects/ldrobot-lidar-ros2/install/ldlidar_component/share/ament_index/resource_index/rclcpp_components/ldlidar_component
[19.533s] -- Installing: /home/olia/CLionProjects/ldrobot-lidar-ros2/install/ldlidar_component/share/ldlidar_component/cmake/ament_cmake_export_include_directories-extras.cmake
[19.533s] -- Installing: /home/olia/CLionProjects/ldrobot-lidar-ros2/install/ldlidar_component/share/ldlidar_component/cmake/ament_cmake_export_libraries-extras.cmake
[19.533s] -- Installing: /home/olia/CLionProjects/ldrobot-lidar-ros2/install/ldlidar_component/share/ldlidar_component/cmake/ament_cmake_export_dependencies-extras.cmake
[19.533s] -- Installing: /home/olia/CLionProjects/ldrobot-lidar-ros2/install/ldlidar_component/share/ldlidar_component/cmake/ldlidar_componentConfig.cmake
[19.533s] -- Installing: /home/olia/CLionProjects/ldrobot-lidar-ros2/install/ldlidar_component/share/ldlidar_component/cmake/ldlidar_componentConfig-version.cmake
[19.533s] -- Installing: /home/olia/CLionProjects/ldrobot-lidar-ros2/install/ldlidar_component/share/ldlidar_component/package.xml
[19.535s] Invoked command in '/home/olia/CLionProjects/ldrobot-lidar-ros2/build/ldlidar_component' returned '0': CMAKE_PREFIX_PATH=${CMAKE_PREFIX_PATH}:/opt/ros/jazzy DEBUGINFOD_URLS=https://debuginfod.ubuntu.com /usr/bin/cmake --install /home/olia/CLionProjects/ldrobot-lidar-ros2/build/ldlidar_component
