[0.695s] [34mcolcon[0m [1;30mDEBUG[0m [32mCommand line arguments: ['/usr/bin/colcon', 'build'][0m
[0.695s] [34mcolcon[0m [1;30mDEBUG[0m [32mParsed command line arguments: Namespace(log_base=None, log_level=None, verb_name='build', build_base='build', install_base='install', merge_install=False, symlink_install=False, test_result_base=None, continue_on_error=False, executor='parallel', parallel_workers=20, event_handlers=None, ignore_user_meta=False, metas=['./colcon.meta'], base_paths=['.'], packages_ignore=None, packages_ignore_regex=None, paths=None, packages_up_to=None, packages_up_to_regex=None, packages_above=None, packages_above_and_dependencies=None, packages_above_depth=None, packages_select_by_dep=None, packages_skip_by_dep=None, packages_skip_up_to=None, packages_select_build_failed=False, packages_skip_build_finished=False, packages_select_test_failures=False, packages_skip_test_passed=False, packages_select=None, packages_skip=None, packages_select_regex=None, packages_skip_regex=None, packages_start=None, packages_end=None, allow_overriding=[], cmake_args=None, cmake_target=None, cmake_target_skip_unavailable=False, cmake_clean_cache=False, cmake_clean_first=False, cmake_force_configure=False, ament_cmake_args=None, catkin_cmake_args=None, catkin_skip_building_tests=False, mixin_files=None, mixin=None, verb_parser=<colcon_mixin.mixin.mixin_argument.MixinArgumentDecorator object at 0x7b59f4389070>, verb_extension=<colcon_core.verb.build.BuildVerb object at 0x7b59f4a63740>, main=<bound method BuildVerb.main of <colcon_core.verb.build.BuildVerb object at 0x7b59f4a63740>>, mixin_verb=('build',))[0m
[0.856s] [34mcolcon.colcon_core.package_discovery[0m [1;30mLevel 1[0m discover_packages(colcon_meta) check parameters
[0.857s] [34mcolcon.colcon_core.package_discovery[0m [1;30mLevel 1[0m discover_packages(recursive) check parameters
[0.857s] [34mcolcon.colcon_core.package_discovery[0m [1;30mLevel 1[0m discover_packages(ignore) check parameters
[0.857s] [34mcolcon.colcon_core.package_discovery[0m [1;30mLevel 1[0m discover_packages(path) check parameters
[0.857s] [34mcolcon.colcon_core.package_discovery[0m [1;30mLevel 1[0m discover_packages(colcon_meta) discover
[0.857s] [34mcolcon.colcon_core.package_discovery[0m [1;30mLevel 1[0m discover_packages(recursive) discover
[0.857s] [34mcolcon.colcon_core.package_discovery[0m [1;30mINFO[0m Crawling recursively for packages in '/home/olia/CLionProjects/ldrobot-lidar-ros2'
[0.857s] [34mcolcon.colcon_core.package_identification[0m [1;30mLevel 1[0m _identify(.) by extensions ['ignore', 'ignore_ament_install']
[0.858s] [34mcolcon.colcon_core.package_identification[0m [1;30mLevel 1[0m _identify(.) by extension 'ignore'
[0.858s] [34mcolcon.colcon_core.package_identification[0m [1;30mLevel 1[0m _identify(.) by extension 'ignore_ament_install'
[0.858s] [34mcolcon.colcon_core.package_identification[0m [1;30mLevel 1[0m _identify(.) by extensions ['colcon_pkg']
[0.858s] [34mcolcon.colcon_core.package_identification[0m [1;30mLevel 1[0m _identify(.) by extension 'colcon_pkg'
[0.858s] [34mcolcon.colcon_core.package_identification[0m [1;30mLevel 1[0m _identify(.) by extensions ['colcon_meta']
[0.858s] [34mcolcon.colcon_core.package_identification[0m [1;30mLevel 1[0m _identify(.) by extension 'colcon_meta'
[0.858s] [34mcolcon.colcon_core.package_identification[0m [1;30mLevel 1[0m _identify(.) by extensions ['ros']
[0.858s] [34mcolcon.colcon_core.package_identification[0m [1;30mLevel 1[0m _identify(.) by extension 'ros'
[0.945s] [34mcolcon.colcon_core.package_identification[0m [1;30mLevel 1[0m _identify(.) by extensions ['cmake', 'python']
[0.945s] [34mcolcon.colcon_core.package_identification[0m [1;30mLevel 1[0m _identify(.) by extension 'cmake'
[0.945s] [34mcolcon.colcon_core.package_identification[0m [1;30mLevel 1[0m _identify(.) by extension 'python'
[0.945s] [34mcolcon.colcon_core.package_identification[0m [1;30mLevel 1[0m _identify(.) by extensions ['python_setup_py']
[0.945s] [34mcolcon.colcon_core.package_identification[0m [1;30mLevel 1[0m _identify(.) by extension 'python_setup_py'
[0.946s] [34mcolcon.colcon_core.package_identification[0m [1;30mLevel 1[0m _identify(3d_model) by extensions ['ignore', 'ignore_ament_install']
[0.946s] [34mcolcon.colcon_core.package_identification[0m [1;30mLevel 1[0m _identify(3d_model) by extension 'ignore'
[0.946s] [34mcolcon.colcon_core.package_identification[0m [1;30mLevel 1[0m _identify(3d_model) by extension 'ignore_ament_install'
[0.946s] [34mcolcon.colcon_core.package_identification[0m [1;30mLevel 1[0m _identify(3d_model) by extensions ['colcon_pkg']
[0.946s] [34mcolcon.colcon_core.package_identification[0m [1;30mLevel 1[0m _identify(3d_model) by extension 'colcon_pkg'
[0.946s] [34mcolcon.colcon_core.package_identification[0m [1;30mLevel 1[0m _identify(3d_model) by extensions ['colcon_meta']
[0.946s] [34mcolcon.colcon_core.package_identification[0m [1;30mLevel 1[0m _identify(3d_model) by extension 'colcon_meta'
[0.946s] [34mcolcon.colcon_core.package_identification[0m [1;30mLevel 1[0m _identify(3d_model) by extensions ['ros']
[0.946s] [34mcolcon.colcon_core.package_identification[0m [1;30mLevel 1[0m _identify(3d_model) by extension 'ros'
[0.946s] [34mcolcon.colcon_core.package_identification[0m [1;30mLevel 1[0m _identify(3d_model) by extensions ['cmake', 'python']
[0.947s] [34mcolcon.colcon_core.package_identification[0m [1;30mLevel 1[0m _identify(3d_model) by extension 'cmake'
[0.947s] [34mcolcon.colcon_core.package_identification[0m [1;30mLevel 1[0m _identify(3d_model) by extension 'python'
[0.947s] [34mcolcon.colcon_core.package_identification[0m [1;30mLevel 1[0m _identify(3d_model) by extensions ['python_setup_py']
[0.947s] [34mcolcon.colcon_core.package_identification[0m [1;30mLevel 1[0m _identify(3d_model) by extension 'python_setup_py'
[0.947s] [34mcolcon.colcon_core.package_identification[0m [1;30mLevel 1[0m _identify(build) by extensions ['ignore', 'ignore_ament_install']
[0.947s] [34mcolcon.colcon_core.package_identification[0m [1;30mLevel 1[0m _identify(build) by extension 'ignore'
[0.947s] [34mcolcon.colcon_core.package_identification[0m [1;30mLevel 1[0m _identify(build) ignored
[0.947s] [34mcolcon.colcon_core.package_identification[0m [1;30mLevel 1[0m _identify(docs) by extensions ['ignore', 'ignore_ament_install']
[0.948s] [34mcolcon.colcon_core.package_identification[0m [1;30mLevel 1[0m _identify(docs) by extension 'ignore'
[0.948s] [34mcolcon.colcon_core.package_identification[0m [1;30mLevel 1[0m _identify(docs) by extension 'ignore_ament_install'
[0.948s] [34mcolcon.colcon_core.package_identification[0m [1;30mLevel 1[0m _identify(docs) by extensions ['colcon_pkg']
[0.948s] [34mcolcon.colcon_core.package_identification[0m [1;30mLevel 1[0m _identify(docs) by extension 'colcon_pkg'
[0.948s] [34mcolcon.colcon_core.package_identification[0m [1;30mLevel 1[0m _identify(docs) by extensions ['colcon_meta']
[0.948s] [34mcolcon.colcon_core.package_identification[0m [1;30mLevel 1[0m _identify(docs) by extension 'colcon_meta'
[0.948s] [34mcolcon.colcon_core.package_identification[0m [1;30mLevel 1[0m _identify(docs) by extensions ['ros']
[0.948s] [34mcolcon.colcon_core.package_identification[0m [1;30mLevel 1[0m _identify(docs) by extension 'ros'
[0.948s] [34mcolcon.colcon_core.package_identification[0m [1;30mLevel 1[0m _identify(docs) by extensions ['cmake', 'python']
[0.948s] [34mcolcon.colcon_core.package_identification[0m [1;30mLevel 1[0m _identify(docs) by extension 'cmake'
[0.948s] [34mcolcon.colcon_core.package_identification[0m [1;30mLevel 1[0m _identify(docs) by extension 'python'
[0.948s] [34mcolcon.colcon_core.package_identification[0m [1;30mLevel 1[0m _identify(docs) by extensions ['python_setup_py']
[0.949s] [34mcolcon.colcon_core.package_identification[0m [1;30mLevel 1[0m _identify(docs) by extension 'python_setup_py'
[0.949s] [34mcolcon.colcon_core.package_identification[0m [1;30mLevel 1[0m _identify(images) by extensions ['ignore', 'ignore_ament_install']
[0.949s] [34mcolcon.colcon_core.package_identification[0m [1;30mLevel 1[0m _identify(images) by extension 'ignore'
[0.949s] [34mcolcon.colcon_core.package_identification[0m [1;30mLevel 1[0m _identify(images) by extension 'ignore_ament_install'
[0.949s] [34mcolcon.colcon_core.package_identification[0m [1;30mLevel 1[0m _identify(images) by extensions ['colcon_pkg']
[0.949s] [34mcolcon.colcon_core.package_identification[0m [1;30mLevel 1[0m _identify(images) by extension 'colcon_pkg'
[0.949s] [34mcolcon.colcon_core.package_identification[0m [1;30mLevel 1[0m _identify(images) by extensions ['colcon_meta']
[0.949s] [34mcolcon.colcon_core.package_identification[0m [1;30mLevel 1[0m _identify(images) by extension 'colcon_meta'
[0.949s] [34mcolcon.colcon_core.package_identification[0m [1;30mLevel 1[0m _identify(images) by extensions ['ros']
[0.949s] [34mcolcon.colcon_core.package_identification[0m [1;30mLevel 1[0m _identify(images) by extension 'ros'
[0.949s] [34mcolcon.colcon_core.package_identification[0m [1;30mLevel 1[0m _identify(images) by extensions ['cmake', 'python']
[0.950s] [34mcolcon.colcon_core.package_identification[0m [1;30mLevel 1[0m _identify(images) by extension 'cmake'
[0.950s] [34mcolcon.colcon_core.package_identification[0m [1;30mLevel 1[0m _identify(images) by extension 'python'
[0.950s] [34mcolcon.colcon_core.package_identification[0m [1;30mLevel 1[0m _identify(images) by extensions ['python_setup_py']
[0.950s] [34mcolcon.colcon_core.package_identification[0m [1;30mLevel 1[0m _identify(images) by extension 'python_setup_py'
[0.950s] [34mcolcon.colcon_core.package_identification[0m [1;30mLevel 1[0m _identify(install) by extensions ['ignore', 'ignore_ament_install']
[0.950s] [34mcolcon.colcon_core.package_identification[0m [1;30mLevel 1[0m _identify(install) by extension 'ignore'
[0.950s] [34mcolcon.colcon_core.package_identification[0m [1;30mLevel 1[0m _identify(install) ignored
[0.950s] [34mcolcon.colcon_core.package_identification[0m [1;30mLevel 1[0m _identify(ldlidar) by extensions ['ignore', 'ignore_ament_install']
[0.950s] [34mcolcon.colcon_core.package_identification[0m [1;30mLevel 1[0m _identify(ldlidar) by extension 'ignore'
[0.950s] [34mcolcon.colcon_core.package_identification[0m [1;30mLevel 1[0m _identify(ldlidar) by extension 'ignore_ament_install'
[0.951s] [34mcolcon.colcon_core.package_identification[0m [1;30mLevel 1[0m _identify(ldlidar) by extensions ['colcon_pkg']
[0.951s] [34mcolcon.colcon_core.package_identification[0m [1;30mLevel 1[0m _identify(ldlidar) by extension 'colcon_pkg'
[0.951s] [34mcolcon.colcon_core.package_identification[0m [1;30mLevel 1[0m _identify(ldlidar) by extensions ['colcon_meta']
[0.951s] [34mcolcon.colcon_core.package_identification[0m [1;30mLevel 1[0m _identify(ldlidar) by extension 'colcon_meta'
[0.951s] [34mcolcon.colcon_core.package_identification[0m [1;30mLevel 1[0m _identify(ldlidar) by extensions ['ros']
[0.951s] [34mcolcon.colcon_core.package_identification[0m [1;30mLevel 1[0m _identify(ldlidar) by extension 'ros'
[0.962s] [34mcolcon.colcon_core.package_identification[0m [1;30mDEBUG[0m [32mPackage 'ldlidar' with type 'ros.ament_cmake' and name 'ldlidar'[0m
[0.962s] [34mcolcon.colcon_core.package_identification[0m [1;30mLevel 1[0m _identify(ldlidar_component) by extensions ['ignore', 'ignore_ament_install']
[0.962s] [34mcolcon.colcon_core.package_identification[0m [1;30mLevel 1[0m _identify(ldlidar_component) by extension 'ignore'
[0.963s] [34mcolcon.colcon_core.package_identification[0m [1;30mLevel 1[0m _identify(ldlidar_component) by extension 'ignore_ament_install'
[0.963s] [34mcolcon.colcon_core.package_identification[0m [1;30mLevel 1[0m _identify(ldlidar_component) by extensions ['colcon_pkg']
[0.963s] [34mcolcon.colcon_core.package_identification[0m [1;30mLevel 1[0m _identify(ldlidar_component) by extension 'colcon_pkg'
[0.963s] [34mcolcon.colcon_core.package_identification[0m [1;30mLevel 1[0m _identify(ldlidar_component) by extensions ['colcon_meta']
[0.963s] [34mcolcon.colcon_core.package_identification[0m [1;30mLevel 1[0m _identify(ldlidar_component) by extension 'colcon_meta'
[0.963s] [34mcolcon.colcon_core.package_identification[0m [1;30mLevel 1[0m _identify(ldlidar_component) by extensions ['ros']
[0.963s] [34mcolcon.colcon_core.package_identification[0m [1;30mLevel 1[0m _identify(ldlidar_component) by extension 'ros'
[0.966s] [34mcolcon.colcon_core.package_identification[0m [1;30mDEBUG[0m [32mPackage 'ldlidar_component' with type 'ros.ament_cmake' and name 'ldlidar_component'[0m
[0.966s] [34mcolcon.colcon_core.package_identification[0m [1;30mLevel 1[0m _identify(ldlidar_node) by extensions ['ignore', 'ignore_ament_install']
[0.966s] [34mcolcon.colcon_core.package_identification[0m [1;30mLevel 1[0m _identify(ldlidar_node) by extension 'ignore'
[0.966s] [34mcolcon.colcon_core.package_identification[0m [1;30mLevel 1[0m _identify(ldlidar_node) by extension 'ignore_ament_install'
[0.967s] [34mcolcon.colcon_core.package_identification[0m [1;30mLevel 1[0m _identify(ldlidar_node) by extensions ['colcon_pkg']
[0.967s] [34mcolcon.colcon_core.package_identification[0m [1;30mLevel 1[0m _identify(ldlidar_node) by extension 'colcon_pkg'
[0.967s] [34mcolcon.colcon_core.package_identification[0m [1;30mLevel 1[0m _identify(ldlidar_node) by extensions ['colcon_meta']
[0.967s] [34mcolcon.colcon_core.package_identification[0m [1;30mLevel 1[0m _identify(ldlidar_node) by extension 'colcon_meta'
[0.967s] [34mcolcon.colcon_core.package_identification[0m [1;30mLevel 1[0m _identify(ldlidar_node) by extensions ['ros']
[0.967s] [34mcolcon.colcon_core.package_identification[0m [1;30mLevel 1[0m _identify(ldlidar_node) by extension 'ros'
[0.968s] [34mcolcon.colcon_core.package_identification[0m [1;30mDEBUG[0m [32mPackage 'ldlidar_node' with type 'ros.ament_cmake' and name 'ldlidar_node'[0m
[0.969s] [34mcolcon.colcon_core.package_identification[0m [1;30mLevel 1[0m _identify(log) by extensions ['ignore', 'ignore_ament_install']
[0.969s] [34mcolcon.colcon_core.package_identification[0m [1;30mLevel 1[0m _identify(log) by extension 'ignore'
[0.969s] [34mcolcon.colcon_core.package_identification[0m [1;30mLevel 1[0m _identify(log) ignored
[0.969s] [34mcolcon.colcon_core.package_identification[0m [1;30mLevel 1[0m _identify(rules) by extensions ['ignore', 'ignore_ament_install']
[0.969s] [34mcolcon.colcon_core.package_identification[0m [1;30mLevel 1[0m _identify(rules) by extension 'ignore'
[0.970s] [34mcolcon.colcon_core.package_identification[0m [1;30mLevel 1[0m _identify(rules) by extension 'ignore_ament_install'
[0.970s] [34mcolcon.colcon_core.package_identification[0m [1;30mLevel 1[0m _identify(rules) by extensions ['colcon_pkg']
[0.970s] [34mcolcon.colcon_core.package_identification[0m [1;30mLevel 1[0m _identify(rules) by extension 'colcon_pkg'
[0.970s] [34mcolcon.colcon_core.package_identification[0m [1;30mLevel 1[0m _identify(rules) by extensions ['colcon_meta']
[0.970s] [34mcolcon.colcon_core.package_identification[0m [1;30mLevel 1[0m _identify(rules) by extension 'colcon_meta'
[0.970s] [34mcolcon.colcon_core.package_identification[0m [1;30mLevel 1[0m _identify(rules) by extensions ['ros']
[0.970s] [34mcolcon.colcon_core.package_identification[0m [1;30mLevel 1[0m _identify(rules) by extension 'ros'
[0.970s] [34mcolcon.colcon_core.package_identification[0m [1;30mLevel 1[0m _identify(rules) by extensions ['cmake', 'python']
[0.970s] [34mcolcon.colcon_core.package_identification[0m [1;30mLevel 1[0m _identify(rules) by extension 'cmake'
[0.970s] [34mcolcon.colcon_core.package_identification[0m [1;30mLevel 1[0m _identify(rules) by extension 'python'
[0.970s] [34mcolcon.colcon_core.package_identification[0m [1;30mLevel 1[0m _identify(rules) by extensions ['python_setup_py']
[0.970s] [34mcolcon.colcon_core.package_identification[0m [1;30mLevel 1[0m _identify(rules) by extension 'python_setup_py'
[0.970s] [34mcolcon.colcon_core.package_identification[0m [1;30mLevel 1[0m _identify(scripts) by extensions ['ignore', 'ignore_ament_install']
[0.971s] [34mcolcon.colcon_core.package_identification[0m [1;30mLevel 1[0m _identify(scripts) by extension 'ignore'
[0.971s] [34mcolcon.colcon_core.package_identification[0m [1;30mLevel 1[0m _identify(scripts) by extension 'ignore_ament_install'
[0.971s] [34mcolcon.colcon_core.package_identification[0m [1;30mLevel 1[0m _identify(scripts) by extensions ['colcon_pkg']
[0.971s] [34mcolcon.colcon_core.package_identification[0m [1;30mLevel 1[0m _identify(scripts) by extension 'colcon_pkg'
[0.971s] [34mcolcon.colcon_core.package_identification[0m [1;30mLevel 1[0m _identify(scripts) by extensions ['colcon_meta']
[0.971s] [34mcolcon.colcon_core.package_identification[0m [1;30mLevel 1[0m _identify(scripts) by extension 'colcon_meta'
[0.971s] [34mcolcon.colcon_core.package_identification[0m [1;30mLevel 1[0m _identify(scripts) by extensions ['ros']
[0.971s] [34mcolcon.colcon_core.package_identification[0m [1;30mLevel 1[0m _identify(scripts) by extension 'ros'
[0.971s] [34mcolcon.colcon_core.package_identification[0m [1;30mLevel 1[0m _identify(scripts) by extensions ['cmake', 'python']
[0.971s] [34mcolcon.colcon_core.package_identification[0m [1;30mLevel 1[0m _identify(scripts) by extension 'cmake'
[0.971s] [34mcolcon.colcon_core.package_identification[0m [1;30mLevel 1[0m _identify(scripts) by extension 'python'
[0.971s] [34mcolcon.colcon_core.package_identification[0m [1;30mLevel 1[0m _identify(scripts) by extensions ['python_setup_py']
[0.972s] [34mcolcon.colcon_core.package_identification[0m [1;30mLevel 1[0m _identify(scripts) by extension 'python_setup_py'
[0.972s] [34mcolcon.colcon_core.package_discovery[0m [1;30mLevel 1[0m discover_packages(recursive) using defaults
[0.972s] [34mcolcon.colcon_core.package_discovery[0m [1;30mLevel 1[0m discover_packages(ignore) discover
[0.972s] [34mcolcon.colcon_core.package_discovery[0m [1;30mLevel 1[0m discover_packages(ignore) using defaults
[0.972s] [34mcolcon.colcon_core.package_discovery[0m [1;30mLevel 1[0m discover_packages(path) discover
[0.972s] [34mcolcon.colcon_core.package_discovery[0m [1;30mLevel 1[0m discover_packages(path) using defaults
[1.029s] [34mcolcon.colcon_core.package_discovery[0m [1;30mLevel 1[0m discover_packages(prefix_path) check parameters
[1.029s] [34mcolcon.colcon_core.package_discovery[0m [1;30mLevel 1[0m discover_packages(prefix_path) discover
[1.041s] [34mcolcon.colcon_installed_package_information.package_discovery[0m [1;30mDEBUG[0m [32mFound 9 installed packages in /home/olia/ros2_ws/install[0m
[1.045s] [34mcolcon.colcon_installed_package_information.package_discovery[0m [1;30mDEBUG[0m [32mFound 375 installed packages in /opt/ros/jazzy[0m
[1.047s] [34mcolcon.colcon_core.package_discovery[0m [1;30mLevel 1[0m discover_packages(prefix_path) using defaults
[1.169s] [34mcolcon.colcon_core.verb[0m [1;30mLevel 5[0m set package 'ldlidar_component' build argument 'cmake_args' from command line to 'None'
[1.170s] [34mcolcon.colcon_core.verb[0m [1;30mLevel 5[0m set package 'ldlidar_component' build argument 'cmake_target' from command line to 'None'
[1.170s] [34mcolcon.colcon_core.verb[0m [1;30mLevel 5[0m set package 'ldlidar_component' build argument 'cmake_target_skip_unavailable' from command line to 'False'
[1.170s] [34mcolcon.colcon_core.verb[0m [1;30mLevel 5[0m set package 'ldlidar_component' build argument 'cmake_clean_cache' from command line to 'False'
[1.170s] [34mcolcon.colcon_core.verb[0m [1;30mLevel 5[0m set package 'ldlidar_component' build argument 'cmake_clean_first' from command line to 'False'
[1.170s] [34mcolcon.colcon_core.verb[0m [1;30mLevel 5[0m set package 'ldlidar_component' build argument 'cmake_force_configure' from command line to 'False'
[1.170s] [34mcolcon.colcon_core.verb[0m [1;30mLevel 5[0m set package 'ldlidar_component' build argument 'ament_cmake_args' from command line to 'None'
[1.170s] [34mcolcon.colcon_core.verb[0m [1;30mLevel 5[0m set package 'ldlidar_component' build argument 'catkin_cmake_args' from command line to 'None'
[1.170s] [34mcolcon.colcon_core.verb[0m [1;30mLevel 5[0m set package 'ldlidar_component' build argument 'catkin_skip_building_tests' from command line to 'False'
[1.170s] [34mcolcon.colcon_core.verb[0m [1;30mDEBUG[0m [32mBuilding package 'ldlidar_component' with the following arguments: {'ament_cmake_args': None, 'build_base': '/home/olia/CLionProjects/ldrobot-lidar-ros2/build/ldlidar_component', 'catkin_cmake_args': None, 'catkin_skip_building_tests': False, 'cmake_args': None, 'cmake_clean_cache': False, 'cmake_clean_first': False, 'cmake_force_configure': False, 'cmake_target': None, 'cmake_target_skip_unavailable': False, 'install_base': '/home/olia/CLionProjects/ldrobot-lidar-ros2/install/ldlidar_component', 'merge_install': False, 'path': '/home/olia/CLionProjects/ldrobot-lidar-ros2/ldlidar_component', 'symlink_install': False, 'test_result_base': None}[0m
[1.171s] [34mcolcon.colcon_core.verb[0m [1;30mLevel 5[0m set package 'ldlidar_node' build argument 'cmake_args' from command line to 'None'
[1.171s] [34mcolcon.colcon_core.verb[0m [1;30mLevel 5[0m set package 'ldlidar_node' build argument 'cmake_target' from command line to 'None'
[1.171s] [34mcolcon.colcon_core.verb[0m [1;30mLevel 5[0m set package 'ldlidar_node' build argument 'cmake_target_skip_unavailable' from command line to 'False'
[1.171s] [34mcolcon.colcon_core.verb[0m [1;30mLevel 5[0m set package 'ldlidar_node' build argument 'cmake_clean_cache' from command line to 'False'
[1.171s] [34mcolcon.colcon_core.verb[0m [1;30mLevel 5[0m set package 'ldlidar_node' build argument 'cmake_clean_first' from command line to 'False'
[1.171s] [34mcolcon.colcon_core.verb[0m [1;30mLevel 5[0m set package 'ldlidar_node' build argument 'cmake_force_configure' from command line to 'False'
[1.171s] [34mcolcon.colcon_core.verb[0m [1;30mLevel 5[0m set package 'ldlidar_node' build argument 'ament_cmake_args' from command line to 'None'
[1.171s] [34mcolcon.colcon_core.verb[0m [1;30mLevel 5[0m set package 'ldlidar_node' build argument 'catkin_cmake_args' from command line to 'None'
[1.171s] [34mcolcon.colcon_core.verb[0m [1;30mLevel 5[0m set package 'ldlidar_node' build argument 'catkin_skip_building_tests' from command line to 'False'
[1.171s] [34mcolcon.colcon_core.verb[0m [1;30mDEBUG[0m [32mBuilding package 'ldlidar_node' with the following arguments: {'ament_cmake_args': None, 'build_base': '/home/olia/CLionProjects/ldrobot-lidar-ros2/build/ldlidar_node', 'catkin_cmake_args': None, 'catkin_skip_building_tests': False, 'cmake_args': None, 'cmake_clean_cache': False, 'cmake_clean_first': False, 'cmake_force_configure': False, 'cmake_target': None, 'cmake_target_skip_unavailable': False, 'install_base': '/home/olia/CLionProjects/ldrobot-lidar-ros2/install/ldlidar_node', 'merge_install': False, 'path': '/home/olia/CLionProjects/ldrobot-lidar-ros2/ldlidar_node', 'symlink_install': False, 'test_result_base': None}[0m
[1.172s] [34mcolcon.colcon_core.verb[0m [1;30mLevel 5[0m set package 'ldlidar' build argument 'cmake_args' from command line to 'None'
[1.172s] [34mcolcon.colcon_core.verb[0m [1;30mLevel 5[0m set package 'ldlidar' build argument 'cmake_target' from command line to 'None'
[1.172s] [34mcolcon.colcon_core.verb[0m [1;30mLevel 5[0m set package 'ldlidar' build argument 'cmake_target_skip_unavailable' from command line to 'False'
[1.172s] [34mcolcon.colcon_core.verb[0m [1;30mLevel 5[0m set package 'ldlidar' build argument 'cmake_clean_cache' from command line to 'False'
[1.172s] [34mcolcon.colcon_core.verb[0m [1;30mLevel 5[0m set package 'ldlidar' build argument 'cmake_clean_first' from command line to 'False'
[1.172s] [34mcolcon.colcon_core.verb[0m [1;30mLevel 5[0m set package 'ldlidar' build argument 'cmake_force_configure' from command line to 'False'
[1.172s] [34mcolcon.colcon_core.verb[0m [1;30mLevel 5[0m set package 'ldlidar' build argument 'ament_cmake_args' from command line to 'None'
[1.172s] [34mcolcon.colcon_core.verb[0m [1;30mLevel 5[0m set package 'ldlidar' build argument 'catkin_cmake_args' from command line to 'None'
[1.172s] [34mcolcon.colcon_core.verb[0m [1;30mLevel 5[0m set package 'ldlidar' build argument 'catkin_skip_building_tests' from command line to 'False'
[1.172s] [34mcolcon.colcon_core.verb[0m [1;30mDEBUG[0m [32mBuilding package 'ldlidar' with the following arguments: {'ament_cmake_args': None, 'build_base': '/home/olia/CLionProjects/ldrobot-lidar-ros2/build/ldlidar', 'catkin_cmake_args': None, 'catkin_skip_building_tests': False, 'cmake_args': None, 'cmake_clean_cache': False, 'cmake_clean_first': False, 'cmake_force_configure': False, 'cmake_target': None, 'cmake_target_skip_unavailable': False, 'install_base': '/home/olia/CLionProjects/ldrobot-lidar-ros2/install/ldlidar', 'merge_install': False, 'path': '/home/olia/CLionProjects/ldrobot-lidar-ros2/ldlidar', 'symlink_install': False, 'test_result_base': None}[0m
[1.172s] [34mcolcon.colcon_core.executor[0m [1;30mINFO[0m Executing jobs using 'parallel' executor
[1.175s] [34mcolcon.colcon_parallel_executor.executor.parallel[0m [1;30mDEBUG[0m [32mrun_until_complete[0m
[1.176s] [34mcolcon.colcon_ros.task.ament_cmake.build[0m [1;30mINFO[0m Building ROS package in '/home/olia/CLionProjects/ldrobot-lidar-ros2/ldlidar_component' with build type 'ament_cmake'
[1.176s] [34mcolcon.colcon_cmake.task.cmake.build[0m [1;30mINFO[0m Building CMake package in '/home/olia/CLionProjects/ldrobot-lidar-ros2/ldlidar_component'
[1.184s] [34mcolcon.colcon_core.plugin_system[0m [1;30mINFO[0m Skipping extension 'colcon_core.shell.bat': Not used on non-Windows systems
[1.184s] [34mcolcon.colcon_core.shell[0m [1;30mINFO[0m Skip shell extension 'powershell' for command environment: Not usable outside of PowerShell
[1.184s] [34mcolcon.colcon_core.shell[0m [1;30mDEBUG[0m [32mSkip shell extension 'dsv' for command environment[0m
[1.205s] [34mcolcon.colcon_core.event_handler.log_command[0m [1;30mDEBUG[0m [32mInvoking command in '/home/olia/CLionProjects/ldrobot-lidar-ros2/build/ldlidar_component': CMAKE_PREFIX_PATH=${CMAKE_PREFIX_PATH}:/opt/ros/jazzy DEBUGINFOD_URLS=https://debuginfod.ubuntu.com /usr/bin/cmake /home/olia/CLionProjects/ldrobot-lidar-ros2/ldlidar_component -DCMAKE_INSTALL_PREFIX=/home/olia/CLionProjects/ldrobot-lidar-ros2/install/ldlidar_component[0m
[2.322s] [34mcolcon.colcon_core.event_handler.log_command[0m [1;30mDEBUG[0m [32mInvoked command in '/home/olia/CLionProjects/ldrobot-lidar-ros2/build/ldlidar_component' returned '1': CMAKE_PREFIX_PATH=${CMAKE_PREFIX_PATH}:/opt/ros/jazzy DEBUGINFOD_URLS=https://debuginfod.ubuntu.com /usr/bin/cmake /home/olia/CLionProjects/ldrobot-lidar-ros2/ldlidar_component -DCMAKE_INSTALL_PREFIX=/home/olia/CLionProjects/ldrobot-lidar-ros2/install/ldlidar_component[0m
[2.353s] [34mcolcon.colcon_core.environment[0m [1;30mLevel 1[0m create_environment_scripts_only(ldlidar_component)
[2.367s] [34mcolcon.colcon_core.environment[0m [1;30mLevel 1[0m checking '/home/olia/CLionProjects/ldrobot-lidar-ros2/install/ldlidar_component' for CMake module files
[2.369s] [34mcolcon.colcon_core.environment[0m [1;30mLevel 1[0m checking '/home/olia/CLionProjects/ldrobot-lidar-ros2/install/ldlidar_component' for CMake config files
[2.370s] [34mcolcon.colcon_core.environment[0m [1;30mLevel 1[0m checking '/home/olia/CLionProjects/ldrobot-lidar-ros2/install/ldlidar_component/bin'
[2.371s] [34mcolcon.colcon_core.environment[0m [1;30mLevel 1[0m checking '/home/olia/CLionProjects/ldrobot-lidar-ros2/install/ldlidar_component/lib/pkgconfig/ldlidar_component.pc'
[2.371s] [34mcolcon.colcon_core.environment[0m [1;30mLevel 1[0m checking '/home/olia/CLionProjects/ldrobot-lidar-ros2/install/ldlidar_component/lib/python3.12/site-packages'
[2.372s] [34mcolcon.colcon_core.environment[0m [1;30mLevel 1[0m checking '/home/olia/CLionProjects/ldrobot-lidar-ros2/install/ldlidar_component/bin'
[2.373s] [34mcolcon.colcon_core.shell[0m [1;30mINFO[0m Creating package script '/home/olia/CLionProjects/ldrobot-lidar-ros2/install/ldlidar_component/share/ldlidar_component/package.ps1'
[2.376s] [34mcolcon.colcon_core.shell[0m [1;30mINFO[0m Creating package descriptor '/home/olia/CLionProjects/ldrobot-lidar-ros2/install/ldlidar_component/share/ldlidar_component/package.dsv'
[2.377s] [34mcolcon.colcon_core.shell[0m [1;30mINFO[0m Creating package script '/home/olia/CLionProjects/ldrobot-lidar-ros2/install/ldlidar_component/share/ldlidar_component/package.sh'
[2.379s] [34mcolcon.colcon_core.shell[0m [1;30mINFO[0m Creating package script '/home/olia/CLionProjects/ldrobot-lidar-ros2/install/ldlidar_component/share/ldlidar_component/package.bash'
[2.381s] [34mcolcon.colcon_core.shell[0m [1;30mINFO[0m Creating package script '/home/olia/CLionProjects/ldrobot-lidar-ros2/install/ldlidar_component/share/ldlidar_component/package.zsh'
[2.383s] [34mcolcon.colcon_core.environment[0m [1;30mLevel 1[0m create_file_with_runtime_dependencies(/home/olia/CLionProjects/ldrobot-lidar-ros2/install/ldlidar_component/share/colcon-core/packages/ldlidar_component)
[2.394s] [34mcolcon.colcon_parallel_executor.executor.parallel[0m [1;30mDEBUG[0m [32mclosing loop[0m
[2.394s] [34mcolcon.colcon_parallel_executor.executor.parallel[0m [1;30mDEBUG[0m [32mloop closed[0m
[2.395s] [34mcolcon.colcon_parallel_executor.executor.parallel[0m [1;30mDEBUG[0m [32mrun_until_complete finished with '1'[0m
[2.395s] [34mcolcon.colcon_core.event_reactor[0m [1;30mDEBUG[0m [32mjoining thread[0m
[2.416s] [34mcolcon.colcon_core.plugin_system[0m [1;30mINFO[0m Skipping extension 'colcon_notification.desktop_notification.terminal_notifier': Not used on non-Darwin systems
[2.416s] [34mcolcon.colcon_core.plugin_system[0m [1;30mINFO[0m Skipping extension 'colcon_notification.desktop_notification.win32': Not used on non-Windows systems
[2.416s] [34mcolcon.colcon_notification.desktop_notification[0m [1;30mINFO[0m Sending desktop notification using 'notify2'
[2.453s] [34mcolcon.colcon_core.event_reactor[0m [1;30mDEBUG[0m [32mjoined thread[0m
[2.454s] [34mcolcon.colcon_core.shell[0m [1;30mINFO[0m Creating prefix script '/home/olia/CLionProjects/ldrobot-lidar-ros2/install/local_setup.ps1'
[2.456s] [34mcolcon.colcon_core.shell[0m [1;30mINFO[0m Creating prefix util module '/home/olia/CLionProjects/ldrobot-lidar-ros2/install/_local_setup_util_ps1.py'
[2.458s] [34mcolcon.colcon_core.shell[0m [1;30mINFO[0m Creating prefix chain script '/home/olia/CLionProjects/ldrobot-lidar-ros2/install/setup.ps1'
[2.461s] [34mcolcon.colcon_core.shell[0m [1;30mINFO[0m Creating prefix script '/home/olia/CLionProjects/ldrobot-lidar-ros2/install/local_setup.sh'
[2.463s] [34mcolcon.colcon_core.shell[0m [1;30mINFO[0m Creating prefix util module '/home/olia/CLionProjects/ldrobot-lidar-ros2/install/_local_setup_util_sh.py'
[2.464s] [34mcolcon.colcon_core.shell[0m [1;30mINFO[0m Creating prefix chain script '/home/olia/CLionProjects/ldrobot-lidar-ros2/install/setup.sh'
[2.468s] [34mcolcon.colcon_core.shell[0m [1;30mINFO[0m Creating prefix script '/home/olia/CLionProjects/ldrobot-lidar-ros2/install/local_setup.bash'
[2.469s] [34mcolcon.colcon_core.shell[0m [1;30mINFO[0m Creating prefix chain script '/home/olia/CLionProjects/ldrobot-lidar-ros2/install/setup.bash'
[2.472s] [34mcolcon.colcon_core.shell[0m [1;30mINFO[0m Creating prefix script '/home/olia/CLionProjects/ldrobot-lidar-ros2/install/local_setup.zsh'
[2.473s] [34mcolcon.colcon_core.shell[0m [1;30mINFO[0m Creating prefix chain script '/home/olia/CLionProjects/ldrobot-lidar-ros2/install/setup.zsh'
