[0.020s] Invoking command in '/home/olia/CLionProjects/ldrobot-lidar-ros2/build/ldlidar_node': AMENT_PREFIX_PATH=/home/olia/CLionProjects/ldrobot-lidar-ros2/install/ldlidar_component:${AMENT_PREFIX_PATH} CMAKE_PREFIX_PATH=/home/olia/CLionProjects/ldrobot-lidar-ros2/install/ldlidar_component:/home/olia/ros2_ws/install/slam_gmapping:/home/olia/ros2_ws/install/slam_cartogr:/home/olia/ros2_ws/install/sam_bot_description:/home/olia/ros2_ws/install/rf2o_laser_odometry:/home/olia/ros2_ws/install/openslam_gmapping:/home/olia/ros2_ws/install/ldlidar:/home/olia/ros2_ws/install/ldlidar_node:/home/olia/ros2_ws/install/ldlidar_component:/home/olia/ros2_ws/install/explore_lite:/opt/ros/jazzy/opt/gz_sim_vendor:/opt/ros/jazzy/opt/gz_sensors_vendor:/opt/ros/jazzy/opt/gz_physics_vendor:/opt/ros/jazzy/opt/sdformat_vendor:/opt/ros/jazzy/opt/gz_gui_vendor:/opt/ros/jazzy/opt/gz_transport_vendor:/opt/ros/jazzy/opt/gz_rendering_vendor:/opt/ros/jazzy/opt/gz_plugin_vendor:/opt/ros/jazzy/opt/gz_fuel_tools_vendor:/opt/ros/jazzy/opt/gz_msgs_vendor:/opt/ros/jazzy/opt/gz_common_vendor:/opt/ros/jazzy/opt/gz_math_vendor:/opt/ros/jazzy/opt/gz_utils_vendor:/opt/ros/jazzy/opt/gz_tools_vendor:/opt/ros/jazzy/opt/gz_ogre_next_vendor:/opt/ros/jazzy/opt/gz_dartsim_vendor:/opt/ros/jazzy/opt/gz_cmake_vendor:/opt/ros/jazzy DEBUGINFOD_URLS=https://debuginfod.ubuntu.com LD_LIBRARY_PATH=/home/olia/CLionProjects/ldrobot-lidar-ros2/install/ldlidar_component/lib:${LD_LIBRARY_PATH} /usr/bin/cmake /home/olia/CLionProjects/ldrobot-lidar-ros2/ldlidar_node -DCMAKE_INSTALL_PREFIX=/home/olia/CLionProjects/ldrobot-lidar-ros2/install/ldlidar_node
[0.044s] --  * Release Mode
[0.044s] -- * Found ROS2 jazzy
[0.050s] -- Found ament_cmake: 2.5.2 (/opt/ros/jazzy/share/ament_cmake/cmake)
[0.359s] -- Found Python3: /usr/bin/python3 (found version "3.12.3") found components: Interpreter 
[0.643s] -- Found rclcpp: 28.1.5 (/opt/ros/jazzy/share/rclcpp/cmake)
[0.790s] -- Found rosidl_generator_c: 4.6.4 (/opt/ros/jazzy/share/rosidl_generator_c/cmake)
[0.838s] -- Found rosidl_generator_cpp: 4.6.4 (/opt/ros/jazzy/share/rosidl_generator_cpp/cmake)
[0.890s] -- Using all available rosidl_typesupport_c: rosidl_typesupport_fastrtps_c;rosidl_typesupport_introspection_c
[0.953s] -- Using all available rosidl_typesupport_cpp: rosidl_typesupport_fastrtps_cpp;rosidl_typesupport_introspection_cpp
[1.198s] -- Found rmw_implementation_cmake: 7.3.1 (/opt/ros/jazzy/share/rmw_implementation_cmake/cmake)
[1.210s] -- Found rmw_fastrtps_cpp: 8.4.1 (/opt/ros/jazzy/share/rmw_fastrtps_cpp/cmake)
[1.466s] -- Found OpenSSL: /usr/lib/x86_64-linux-gnu/libcrypto.so (found version "3.0.13")  
[1.517s] -- Found FastRTPS: /opt/ros/jazzy/include (Required is at least version "2.13") 
[1.568s] -- Using RMW implementation 'rmw_fastrtps_cpp' as default
[1.737s] -- Found rclcpp_components: 28.1.5 (/opt/ros/jazzy/share/rclcpp_components/cmake)
[1.820s] -- Found rclcpp_lifecycle: 28.1.5 (/opt/ros/jazzy/share/rclcpp_lifecycle/cmake)
[1.885s] -- Found ldlidar_component: 0.2.0 (/home/olia/CLionProjects/ldrobot-lidar-ros2/install/ldlidar_component/share/ldlidar_component/cmake)
[2.550s] -- Found eigen3_cmake_module: 0.3.0 (/opt/ros/jazzy/share/eigen3_cmake_module/cmake)
[2.553s] -- Found Eigen3: TRUE (found version "3.4.0") 
[2.553s] -- Ensuring Eigen3 include directory is part of orocos-kdl CMake target
[2.692s] -- Found ament_lint_auto: 0.17.1 (/opt/ros/jazzy/share/ament_lint_auto/cmake)
[3.018s] -- Found python_cmake_module: 0.11.1 (/opt/ros/jazzy/share/python_cmake_module/cmake)
[3.268s] -- Found PythonExtra: /usr/bin/python3  
[3.275s] -- Added test 'copyright' to check source files copyright and LICENSE
[3.277s] -- Added test 'cppcheck' to perform static code analysis on C / C++ code
[3.278s] -- Configured cppcheck include dirs: 
[3.278s] -- Configured cppcheck exclude dirs and/or files: 
[3.281s] -- Added test 'cpplint' to check C / C++ code against the Google style
[3.282s] -- Configured cpplint exclude dirs and/or files: 
[3.283s] -- Added test 'flake8' to check Python code syntax and style conventions
[3.283s] -- Configured 'flake8' exclude dirs and/or files: 
[3.285s] -- Added test 'lint_cmake' to check CMake code style
[3.287s] -- Added test 'pep257' to check Python code against some of the docstring style conventions in PEP 257
[3.290s] -- Added test 'uncrustify' to check C / C++ code style
[3.290s] -- Configured uncrustify additional arguments: 
[3.292s] -- Added test 'xmllint' to check XML markup files
[3.295s] -- Configuring done (3.3s)
[3.357s] -- Generating done (0.0s)
[3.361s] -- Build files have been written to: /home/olia/CLionProjects/ldrobot-lidar-ros2/build/ldlidar_node
[3.379s] Invoked command in '/home/olia/CLionProjects/ldrobot-lidar-ros2/build/ldlidar_node' returned '0': AMENT_PREFIX_PATH=/home/olia/CLionProjects/ldrobot-lidar-ros2/install/ldlidar_component:${AMENT_PREFIX_PATH} CMAKE_PREFIX_PATH=/home/olia/CLionProjects/ldrobot-lidar-ros2/install/ldlidar_component:/home/olia/ros2_ws/install/slam_gmapping:/home/olia/ros2_ws/install/slam_cartogr:/home/olia/ros2_ws/install/sam_bot_description:/home/olia/ros2_ws/install/rf2o_laser_odometry:/home/olia/ros2_ws/install/openslam_gmapping:/home/olia/ros2_ws/install/ldlidar:/home/olia/ros2_ws/install/ldlidar_node:/home/olia/ros2_ws/install/ldlidar_component:/home/olia/ros2_ws/install/explore_lite:/opt/ros/jazzy/opt/gz_sim_vendor:/opt/ros/jazzy/opt/gz_sensors_vendor:/opt/ros/jazzy/opt/gz_physics_vendor:/opt/ros/jazzy/opt/sdformat_vendor:/opt/ros/jazzy/opt/gz_gui_vendor:/opt/ros/jazzy/opt/gz_transport_vendor:/opt/ros/jazzy/opt/gz_rendering_vendor:/opt/ros/jazzy/opt/gz_plugin_vendor:/opt/ros/jazzy/opt/gz_fuel_tools_vendor:/opt/ros/jazzy/opt/gz_msgs_vendor:/opt/ros/jazzy/opt/gz_common_vendor:/opt/ros/jazzy/opt/gz_math_vendor:/opt/ros/jazzy/opt/gz_utils_vendor:/opt/ros/jazzy/opt/gz_tools_vendor:/opt/ros/jazzy/opt/gz_ogre_next_vendor:/opt/ros/jazzy/opt/gz_dartsim_vendor:/opt/ros/jazzy/opt/gz_cmake_vendor:/opt/ros/jazzy DEBUGINFOD_URLS=https://debuginfod.ubuntu.com LD_LIBRARY_PATH=/home/olia/CLionProjects/ldrobot-lidar-ros2/install/ldlidar_component/lib:${LD_LIBRARY_PATH} /usr/bin/cmake /home/olia/CLionProjects/ldrobot-lidar-ros2/ldlidar_node -DCMAKE_INSTALL_PREFIX=/home/olia/CLionProjects/ldrobot-lidar-ros2/install/ldlidar_node
[3.382s] Invoking command in '/home/olia/CLionProjects/ldrobot-lidar-ros2/build/ldlidar_node': AMENT_PREFIX_PATH=/home/olia/CLionProjects/ldrobot-lidar-ros2/install/ldlidar_component:${AMENT_PREFIX_PATH} CMAKE_PREFIX_PATH=/home/olia/CLionProjects/ldrobot-lidar-ros2/install/ldlidar_component:/home/olia/ros2_ws/install/slam_gmapping:/home/olia/ros2_ws/install/slam_cartogr:/home/olia/ros2_ws/install/sam_bot_description:/home/olia/ros2_ws/install/rf2o_laser_odometry:/home/olia/ros2_ws/install/openslam_gmapping:/home/olia/ros2_ws/install/ldlidar:/home/olia/ros2_ws/install/ldlidar_node:/home/olia/ros2_ws/install/ldlidar_component:/home/olia/ros2_ws/install/explore_lite:/opt/ros/jazzy/opt/gz_sim_vendor:/opt/ros/jazzy/opt/gz_sensors_vendor:/opt/ros/jazzy/opt/gz_physics_vendor:/opt/ros/jazzy/opt/sdformat_vendor:/opt/ros/jazzy/opt/gz_gui_vendor:/opt/ros/jazzy/opt/gz_transport_vendor:/opt/ros/jazzy/opt/gz_rendering_vendor:/opt/ros/jazzy/opt/gz_plugin_vendor:/opt/ros/jazzy/opt/gz_fuel_tools_vendor:/opt/ros/jazzy/opt/gz_msgs_vendor:/opt/ros/jazzy/opt/gz_common_vendor:/opt/ros/jazzy/opt/gz_math_vendor:/opt/ros/jazzy/opt/gz_utils_vendor:/opt/ros/jazzy/opt/gz_tools_vendor:/opt/ros/jazzy/opt/gz_ogre_next_vendor:/opt/ros/jazzy/opt/gz_dartsim_vendor:/opt/ros/jazzy/opt/gz_cmake_vendor:/opt/ros/jazzy DEBUGINFOD_URLS=https://debuginfod.ubuntu.com LD_LIBRARY_PATH=/home/olia/CLionProjects/ldrobot-lidar-ros2/install/ldlidar_component/lib:${LD_LIBRARY_PATH} /usr/bin/cmake --build /home/olia/CLionProjects/ldrobot-lidar-ros2/build/ldlidar_node -- -j20 -l20
[3.482s] [ 50%] [32mBuilding CXX object CMakeFiles/ldlidar_node.dir/src/ldlidar_container_node.cpp.o[0m
[9.304s] [100%] [32m[1mLinking CXX executable ldlidar_node[0m
[9.696s] [100%] Built target ldlidar_node
[9.716s] Invoked command in '/home/olia/CLionProjects/ldrobot-lidar-ros2/build/ldlidar_node' returned '0': AMENT_PREFIX_PATH=/home/olia/CLionProjects/ldrobot-lidar-ros2/install/ldlidar_component:${AMENT_PREFIX_PATH} CMAKE_PREFIX_PATH=/home/olia/CLionProjects/ldrobot-lidar-ros2/install/ldlidar_component:/home/olia/ros2_ws/install/slam_gmapping:/home/olia/ros2_ws/install/slam_cartogr:/home/olia/ros2_ws/install/sam_bot_description:/home/olia/ros2_ws/install/rf2o_laser_odometry:/home/olia/ros2_ws/install/openslam_gmapping:/home/olia/ros2_ws/install/ldlidar:/home/olia/ros2_ws/install/ldlidar_node:/home/olia/ros2_ws/install/ldlidar_component:/home/olia/ros2_ws/install/explore_lite:/opt/ros/jazzy/opt/gz_sim_vendor:/opt/ros/jazzy/opt/gz_sensors_vendor:/opt/ros/jazzy/opt/gz_physics_vendor:/opt/ros/jazzy/opt/sdformat_vendor:/opt/ros/jazzy/opt/gz_gui_vendor:/opt/ros/jazzy/opt/gz_transport_vendor:/opt/ros/jazzy/opt/gz_rendering_vendor:/opt/ros/jazzy/opt/gz_plugin_vendor:/opt/ros/jazzy/opt/gz_fuel_tools_vendor:/opt/ros/jazzy/opt/gz_msgs_vendor:/opt/ros/jazzy/opt/gz_common_vendor:/opt/ros/jazzy/opt/gz_math_vendor:/opt/ros/jazzy/opt/gz_utils_vendor:/opt/ros/jazzy/opt/gz_tools_vendor:/opt/ros/jazzy/opt/gz_ogre_next_vendor:/opt/ros/jazzy/opt/gz_dartsim_vendor:/opt/ros/jazzy/opt/gz_cmake_vendor:/opt/ros/jazzy DEBUGINFOD_URLS=https://debuginfod.ubuntu.com LD_LIBRARY_PATH=/home/olia/CLionProjects/ldrobot-lidar-ros2/install/ldlidar_component/lib:${LD_LIBRARY_PATH} /usr/bin/cmake --build /home/olia/CLionProjects/ldrobot-lidar-ros2/build/ldlidar_node -- -j20 -l20
[9.762s] Invoking command in '/home/olia/CLionProjects/ldrobot-lidar-ros2/build/ldlidar_node': AMENT_PREFIX_PATH=/home/olia/CLionProjects/ldrobot-lidar-ros2/install/ldlidar_component:${AMENT_PREFIX_PATH} CMAKE_PREFIX_PATH=/home/olia/CLionProjects/ldrobot-lidar-ros2/install/ldlidar_component:/home/olia/ros2_ws/install/slam_gmapping:/home/olia/ros2_ws/install/slam_cartogr:/home/olia/ros2_ws/install/sam_bot_description:/home/olia/ros2_ws/install/rf2o_laser_odometry:/home/olia/ros2_ws/install/openslam_gmapping:/home/olia/ros2_ws/install/ldlidar:/home/olia/ros2_ws/install/ldlidar_node:/home/olia/ros2_ws/install/ldlidar_component:/home/olia/ros2_ws/install/explore_lite:/opt/ros/jazzy/opt/gz_sim_vendor:/opt/ros/jazzy/opt/gz_sensors_vendor:/opt/ros/jazzy/opt/gz_physics_vendor:/opt/ros/jazzy/opt/sdformat_vendor:/opt/ros/jazzy/opt/gz_gui_vendor:/opt/ros/jazzy/opt/gz_transport_vendor:/opt/ros/jazzy/opt/gz_rendering_vendor:/opt/ros/jazzy/opt/gz_plugin_vendor:/opt/ros/jazzy/opt/gz_fuel_tools_vendor:/opt/ros/jazzy/opt/gz_msgs_vendor:/opt/ros/jazzy/opt/gz_common_vendor:/opt/ros/jazzy/opt/gz_math_vendor:/opt/ros/jazzy/opt/gz_utils_vendor:/opt/ros/jazzy/opt/gz_tools_vendor:/opt/ros/jazzy/opt/gz_ogre_next_vendor:/opt/ros/jazzy/opt/gz_dartsim_vendor:/opt/ros/jazzy/opt/gz_cmake_vendor:/opt/ros/jazzy DEBUGINFOD_URLS=https://debuginfod.ubuntu.com LD_LIBRARY_PATH=/home/olia/CLionProjects/ldrobot-lidar-ros2/install/ldlidar_component/lib:${LD_LIBRARY_PATH} /usr/bin/cmake --install /home/olia/CLionProjects/ldrobot-lidar-ros2/build/ldlidar_node
[9.776s] -- Install configuration: "Release"
[9.776s] -- Installing: /home/olia/CLionProjects/ldrobot-lidar-ros2/install/ldlidar_node/lib/ldlidar_node/ldlidar_node
[9.777s] -- Set non-toolchain portion of runtime path of "/home/olia/CLionProjects/ldrobot-lidar-ros2/install/ldlidar_node/lib/ldlidar_node/ldlidar_node" to ""
[9.777s] -- Installing: /home/olia/CLionProjects/ldrobot-lidar-ros2/install/ldlidar_node/share/ldlidar_node/params
[9.777s] -- Installing: /home/olia/CLionProjects/ldrobot-lidar-ros2/install/ldlidar_node/share/ldlidar_node/params/slam_toolbox.yaml
[9.778s] -- Installing: /home/olia/CLionProjects/ldrobot-lidar-ros2/install/ldlidar_node/share/ldlidar_node/params/ldlidar.yaml
[9.778s] -- Installing: /home/olia/CLionProjects/ldrobot-lidar-ros2/install/ldlidar_node/share/ldlidar_node/params/lifecycle_mgr_slam.yaml
[9.778s] -- Installing: /home/olia/CLionProjects/ldrobot-lidar-ros2/install/ldlidar_node/share/ldlidar_node/params/lifecycle_mgr.yaml
[9.779s] -- Installing: /home/olia/CLionProjects/ldrobot-lidar-ros2/install/ldlidar_node/share/ldlidar_node/config
[9.779s] -- Installing: /home/olia/CLionProjects/ldrobot-lidar-ros2/install/ldlidar_node/share/ldlidar_node/config/ldlidar_slam.rviz
[9.779s] -- Installing: /home/olia/CLionProjects/ldrobot-lidar-ros2/install/ldlidar_node/share/ldlidar_node/config/ldlidar.rviz
[9.779s] -- Installing: /home/olia/CLionProjects/ldrobot-lidar-ros2/install/ldlidar_node/share/ldlidar_node/urdf
[9.779s] -- Installing: /home/olia/CLionProjects/ldrobot-lidar-ros2/install/ldlidar_node/share/ldlidar_node/urdf/model
[9.779s] -- Installing: /home/olia/CLionProjects/ldrobot-lidar-ros2/install/ldlidar_node/share/ldlidar_node/urdf/model/LD19.stl
[9.784s] -- Installing: /home/olia/CLionProjects/ldrobot-lidar-ros2/install/ldlidar_node/share/ldlidar_node/urdf/ldlidar_descr.urdf.xml
[9.784s] -- Installing: /home/olia/CLionProjects/ldrobot-lidar-ros2/install/ldlidar_node/share/ldlidar_node/launch
[9.784s] -- Installing: /home/olia/CLionProjects/ldrobot-lidar-ros2/install/ldlidar_node/share/ldlidar_node/launch/ldlidar_rviz2.launch.py
[9.784s] -- Installing: /home/olia/CLionProjects/ldrobot-lidar-ros2/install/ldlidar_node/share/ldlidar_node/launch/ldlidar_with_mgr.launch.py
[9.784s] -- Installing: /home/olia/CLionProjects/ldrobot-lidar-ros2/install/ldlidar_node/share/ldlidar_node/launch/ldlidar.launch.py
[9.785s] -- Installing: /home/olia/CLionProjects/ldrobot-lidar-ros2/install/ldlidar_node/share/ldlidar_node/launch/ldlidar_slam.launch.py
[9.785s] -- Installing: /home/olia/CLionProjects/ldrobot-lidar-ros2/install/ldlidar_node/share/ament_index/resource_index/package_run_dependencies/ldlidar_node
[9.785s] -- Installing: /home/olia/CLionProjects/ldrobot-lidar-ros2/install/ldlidar_node/share/ament_index/resource_index/parent_prefix_path/ldlidar_node
[9.785s] -- Installing: /home/olia/CLionProjects/ldrobot-lidar-ros2/install/ldlidar_node/share/ldlidar_node/environment/ament_prefix_path.sh
[9.785s] -- Installing: /home/olia/CLionProjects/ldrobot-lidar-ros2/install/ldlidar_node/share/ldlidar_node/environment/ament_prefix_path.dsv
[9.786s] -- Installing: /home/olia/CLionProjects/ldrobot-lidar-ros2/install/ldlidar_node/share/ldlidar_node/environment/path.sh
[9.786s] -- Installing: /home/olia/CLionProjects/ldrobot-lidar-ros2/install/ldlidar_node/share/ldlidar_node/environment/path.dsv
[9.786s] -- Installing: /home/olia/CLionProjects/ldrobot-lidar-ros2/install/ldlidar_node/share/ldlidar_node/local_setup.bash
[9.786s] -- Installing: /home/olia/CLionProjects/ldrobot-lidar-ros2/install/ldlidar_node/share/ldlidar_node/local_setup.sh
[9.786s] -- Installing: /home/olia/CLionProjects/ldrobot-lidar-ros2/install/ldlidar_node/share/ldlidar_node/local_setup.zsh
[9.786s] -- Installing: /home/olia/CLionProjects/ldrobot-lidar-ros2/install/ldlidar_node/share/ldlidar_node/local_setup.dsv
[9.786s] -- Installing: /home/olia/CLionProjects/ldrobot-lidar-ros2/install/ldlidar_node/share/ldlidar_node/package.dsv
[9.787s] -- Installing: /home/olia/CLionProjects/ldrobot-lidar-ros2/install/ldlidar_node/share/ament_index/resource_index/packages/ldlidar_node
[9.787s] -- Installing: /home/olia/CLionProjects/ldrobot-lidar-ros2/install/ldlidar_node/share/ldlidar_node/cmake/ldlidar_nodeConfig.cmake
[9.787s] -- Installing: /home/olia/CLionProjects/ldrobot-lidar-ros2/install/ldlidar_node/share/ldlidar_node/cmake/ldlidar_nodeConfig-version.cmake
[9.787s] -- Installing: /home/olia/CLionProjects/ldrobot-lidar-ros2/install/ldlidar_node/share/ldlidar_node/package.xml
[9.791s] Invoked command in '/home/olia/CLionProjects/ldrobot-lidar-ros2/build/ldlidar_node' returned '0': AMENT_PREFIX_PATH=/home/olia/CLionProjects/ldrobot-lidar-ros2/install/ldlidar_component:${AMENT_PREFIX_PATH} CMAKE_PREFIX_PATH=/home/olia/CLionProjects/ldrobot-lidar-ros2/install/ldlidar_component:/home/olia/ros2_ws/install/slam_gmapping:/home/olia/ros2_ws/install/slam_cartogr:/home/olia/ros2_ws/install/sam_bot_description:/home/olia/ros2_ws/install/rf2o_laser_odometry:/home/olia/ros2_ws/install/openslam_gmapping:/home/olia/ros2_ws/install/ldlidar:/home/olia/ros2_ws/install/ldlidar_node:/home/olia/ros2_ws/install/ldlidar_component:/home/olia/ros2_ws/install/explore_lite:/opt/ros/jazzy/opt/gz_sim_vendor:/opt/ros/jazzy/opt/gz_sensors_vendor:/opt/ros/jazzy/opt/gz_physics_vendor:/opt/ros/jazzy/opt/sdformat_vendor:/opt/ros/jazzy/opt/gz_gui_vendor:/opt/ros/jazzy/opt/gz_transport_vendor:/opt/ros/jazzy/opt/gz_rendering_vendor:/opt/ros/jazzy/opt/gz_plugin_vendor:/opt/ros/jazzy/opt/gz_fuel_tools_vendor:/opt/ros/jazzy/opt/gz_msgs_vendor:/opt/ros/jazzy/opt/gz_common_vendor:/opt/ros/jazzy/opt/gz_math_vendor:/opt/ros/jazzy/opt/gz_utils_vendor:/opt/ros/jazzy/opt/gz_tools_vendor:/opt/ros/jazzy/opt/gz_ogre_next_vendor:/opt/ros/jazzy/opt/gz_dartsim_vendor:/opt/ros/jazzy/opt/gz_cmake_vendor:/opt/ros/jazzy DEBUGINFOD_URLS=https://debuginfod.ubuntu.com LD_LIBRARY_PATH=/home/olia/CLionProjects/ldrobot-lidar-ros2/install/ldlidar_component/lib:${LD_LIBRARY_PATH} /usr/bin/cmake --install /home/olia/CLionProjects/ldrobot-lidar-ros2/build/ldlidar_node
