[0.023s] Invoking command in '/home/olia/CLionProjects/ldrobot-lidar-ros2/build/ldlidar_component': CMAKE_PREFIX_PATH=${CMAKE_PREFIX_PATH}:/opt/ros/jazzy DEBUGINFOD_URLS=https://debuginfod.ubuntu.com /usr/bin/cmake --build /home/olia/CLionProjects/ldrobot-lidar-ros2/build/ldlidar_component -- -j20 -l20
[0.129s] [ 70%] Built target ldlidar
[0.184s] [100%] Built target ldlidar_component
[0.206s] Invoked command in '/home/olia/CLionProjects/ldrobot-lidar-ros2/build/ldlidar_component' returned '0': CMAKE_PREFIX_PATH=${CMAKE_PREFIX_PATH}:/opt/ros/jazzy DEBUGINFOD_URLS=https://debuginfod.ubuntu.com /usr/bin/cmake --build /home/olia/CLionProjects/ldrobot-lidar-ros2/build/ldlidar_component -- -j20 -l20
[0.287s] Invoking command in '/home/olia/CLionProjects/ldrobot-lidar-ros2/build/ldlidar_component': CMAKE_PREFIX_PATH=${CMAKE_PREFIX_PATH}:/opt/ros/jazzy DEBUGINFOD_URLS=https://debuginfod.ubuntu.com /usr/bin/cmake --install /home/olia/CLionProjects/ldrobot-lidar-ros2/build/ldlidar_component
[0.300s] -- Install configuration: "Release"
[0.301s] -- Up-to-date: /home/olia/CLionProjects/ldrobot-lidar-ros2/install/ldlidar_component/lib/libldlidar_component.so
[0.301s] -- Up-to-date: /home/olia/CLionProjects/ldrobot-lidar-ros2/install/ldlidar_component/include/ldlidar_component/
[0.301s] -- Up-to-date: /home/olia/CLionProjects/ldrobot-lidar-ros2/install/ldlidar_component/include/ldlidar_component//ldlidar_component.hpp
[0.301s] -- Up-to-date: /home/olia/CLionProjects/ldrobot-lidar-ros2/install/ldlidar_component/include/ldlidar_component//defines.hpp
[0.301s] -- Up-to-date: /home/olia/CLionProjects/ldrobot-lidar-ros2/install/ldlidar_component/include/ldlidar_component/
[0.301s] -- Up-to-date: /home/olia/CLionProjects/ldrobot-lidar-ros2/install/ldlidar_component/include/ldlidar_component//ldlidar_tools.hpp
[0.302s] -- Up-to-date: /home/olia/CLionProjects/ldrobot-lidar-ros2/install/ldlidar_component/include/ldlidar_component/
[0.302s] -- Up-to-date: /home/olia/CLionProjects/ldrobot-lidar-ros2/install/ldlidar_component/include/ldlidar_component//visibility_control.hpp
[0.302s] -- Up-to-date: /home/olia/CLionProjects/ldrobot-lidar-ros2/install/ldlidar_component/include/ldlidar_component/
[0.302s] -- Up-to-date: /home/olia/CLionProjects/ldrobot-lidar-ros2/install/ldlidar_component/include/ldlidar_component//ldlidar_driver.h
[0.302s] -- Up-to-date: /home/olia/CLionProjects/ldrobot-lidar-ros2/install/ldlidar_component/include/ldlidar_component//ldlidar_datatype.h
[0.302s] -- Up-to-date: /home/olia/CLionProjects/ldrobot-lidar-ros2/install/ldlidar_component/include/ldlidar_component/
[0.302s] -- Up-to-date: /home/olia/CLionProjects/ldrobot-lidar-ros2/install/ldlidar_component/include/ldlidar_component//lipkg.h
[0.302s] -- Up-to-date: /home/olia/CLionProjects/ldrobot-lidar-ros2/install/ldlidar_component/include/ldlidar_component/
[0.302s] -- Up-to-date: /home/olia/CLionProjects/ldrobot-lidar-ros2/install/ldlidar_component/include/ldlidar_component//tofbf.h
[0.302s] -- Up-to-date: /home/olia/CLionProjects/ldrobot-lidar-ros2/install/ldlidar_component/include/ldlidar_component/
[0.302s] -- Up-to-date: /home/olia/CLionProjects/ldrobot-lidar-ros2/install/ldlidar_component/include/ldlidar_component//log_module.h
[0.303s] -- Up-to-date: /home/olia/CLionProjects/ldrobot-lidar-ros2/install/ldlidar_component/include/ldlidar_component/
[0.303s] -- Up-to-date: /home/olia/CLionProjects/ldrobot-lidar-ros2/install/ldlidar_component/include/ldlidar_component//network_socket_interface_linux.h
[0.303s] -- Up-to-date: /home/olia/CLionProjects/ldrobot-lidar-ros2/install/ldlidar_component/include/ldlidar_component/
[0.303s] -- Up-to-date: /home/olia/CLionProjects/ldrobot-lidar-ros2/install/ldlidar_component/include/ldlidar_component//serial_interface_linux.h
[0.303s] -- Up-to-date: /home/olia/CLionProjects/ldrobot-lidar-ros2/install/ldlidar_component/share/ldlidar_component/environment/library_path.sh
[0.303s] -- Up-to-date: /home/olia/CLionProjects/ldrobot-lidar-ros2/install/ldlidar_component/share/ldlidar_component/environment/library_path.dsv
[0.303s] -- Up-to-date: /home/olia/CLionProjects/ldrobot-lidar-ros2/install/ldlidar_component/share/ament_index/resource_index/package_run_dependencies/ldlidar_component
[0.303s] -- Up-to-date: /home/olia/CLionProjects/ldrobot-lidar-ros2/install/ldlidar_component/share/ament_index/resource_index/parent_prefix_path/ldlidar_component
[0.303s] -- Up-to-date: /home/olia/CLionProjects/ldrobot-lidar-ros2/install/ldlidar_component/share/ldlidar_component/environment/ament_prefix_path.sh
[0.303s] -- Up-to-date: /home/olia/CLionProjects/ldrobot-lidar-ros2/install/ldlidar_component/share/ldlidar_component/environment/ament_prefix_path.dsv
[0.304s] -- Up-to-date: /home/olia/CLionProjects/ldrobot-lidar-ros2/install/ldlidar_component/share/ldlidar_component/environment/path.sh
[0.304s] -- Up-to-date: /home/olia/CLionProjects/ldrobot-lidar-ros2/install/ldlidar_component/share/ldlidar_component/environment/path.dsv
[0.304s] -- Up-to-date: /home/olia/CLionProjects/ldrobot-lidar-ros2/install/ldlidar_component/share/ldlidar_component/local_setup.bash
[0.304s] -- Up-to-date: /home/olia/CLionProjects/ldrobot-lidar-ros2/install/ldlidar_component/share/ldlidar_component/local_setup.sh
[0.304s] -- Up-to-date: /home/olia/CLionProjects/ldrobot-lidar-ros2/install/ldlidar_component/share/ldlidar_component/local_setup.zsh
[0.304s] -- Up-to-date: /home/olia/CLionProjects/ldrobot-lidar-ros2/install/ldlidar_component/share/ldlidar_component/local_setup.dsv
[0.304s] -- Installing: /home/olia/CLionProjects/ldrobot-lidar-ros2/install/ldlidar_component/share/ldlidar_component/package.dsv
[0.304s] -- Up-to-date: /home/olia/CLionProjects/ldrobot-lidar-ros2/install/ldlidar_component/share/ament_index/resource_index/packages/ldlidar_component
[0.304s] -- Up-to-date: /home/olia/CLionProjects/ldrobot-lidar-ros2/install/ldlidar_component/share/ament_index/resource_index/rclcpp_components/ldlidar_component
[0.304s] -- Up-to-date: /home/olia/CLionProjects/ldrobot-lidar-ros2/install/ldlidar_component/share/ldlidar_component/cmake/ament_cmake_export_include_directories-extras.cmake
[0.305s] -- Up-to-date: /home/olia/CLionProjects/ldrobot-lidar-ros2/install/ldlidar_component/share/ldlidar_component/cmake/ament_cmake_export_libraries-extras.cmake
[0.305s] -- Up-to-date: /home/olia/CLionProjects/ldrobot-lidar-ros2/install/ldlidar_component/share/ldlidar_component/cmake/ament_cmake_export_dependencies-extras.cmake
[0.305s] -- Up-to-date: /home/olia/CLionProjects/ldrobot-lidar-ros2/install/ldlidar_component/share/ldlidar_component/cmake/ldlidar_componentConfig.cmake
[0.305s] -- Up-to-date: /home/olia/CLionProjects/ldrobot-lidar-ros2/install/ldlidar_component/share/ldlidar_component/cmake/ldlidar_componentConfig-version.cmake
[0.305s] -- Up-to-date: /home/olia/CLionProjects/ldrobot-lidar-ros2/install/ldlidar_component/share/ldlidar_component/package.xml
[0.307s] Invoked command in '/home/olia/CLionProjects/ldrobot-lidar-ros2/build/ldlidar_component' returned '0': CMAKE_PREFIX_PATH=${CMAKE_PREFIX_PATH}:/opt/ros/jazzy DEBUGINFOD_URLS=https://debuginfod.ubuntu.com /usr/bin/cmake --install /home/olia/CLionProjects/ldrobot-lidar-ros2/build/ldlidar_component
